<?xml version="1.0" encoding="UTF-8"?>
<!-- Generated by org.testng.reporters.JUnitXMLReporter -->
<testsuite ignored="4" hostname="Navids-MacBook-Pro.local" failures="0" tests="4" name="OntarioCannabisStore" time="0.08" errors="0" timestamp="08 May 2020 15:59:44 GMT">
  <testcase classname="base.BaseX2" name="@BeforeMethod setUp" time="0.062">
    <failure type="org.openqa.selenium.WebDriverException" message="Cannot find firefox binary in PATH. Make sure firefox is installed. OS appears to be: MAC
Build info: version: &amp;apos;3.14.0&amp;apos;, revision: &amp;apos;aacccce0&amp;apos;, time: &amp;apos;2018-08-02T20:19:58.91Z&amp;apos;
System info: host: &amp;apos;Navids-MacBook-Pro.local&amp;apos;, ip: &amp;apos;2607:fea8:a460:717:0:0:0:3%en0&amp;apos;, os.name: &amp;apos;Mac OS X&amp;apos;, os.arch: &amp;apos;x86_64&amp;apos;, os.version: &amp;apos;10.15.4&amp;apos;, java.version: &amp;apos;13.0.2&amp;apos;
Driver info: driver.version: FirefoxDriver">
      <![CDATA[org.openqa.selenium.WebDriverException: Cannot find firefox binary in PATH. Make sure firefox is installed. OS appears to be: MAC
Build info: version: '3.14.0', revision: 'aacccce0', time: '2018-08-02T20:19:58.91Z'
System info: host: 'Navids-MacBook-Pro.local', ip: '2607:fea8:a460:717:0:0:0:3%en0', os.name: 'Mac OS X', os.arch: 'x86_64', os.version: '10.15.4', java.version: '13.0.2'
Driver info: driver.version: FirefoxDriver
	at org.openqa.selenium.firefox.FirefoxBinary.<init>(FirefoxBinary.java:116)
	at java.base/java.util.Optional.orElseGet(Optional.java:362)
	at org.openqa.selenium.firefox.FirefoxOptions.getBinary(FirefoxOptions.java:216)
	at org.openqa.selenium.firefox.FirefoxDriver.toExecutor(FirefoxDriver.java:165)
	at org.openqa.selenium.firefox.FirefoxDriver.<init>(FirefoxDriver.java:125)
	at base.BaseX2.getLocalDriver(BaseX2.java:209)
	at base.BaseX2.setUp(BaseX2.java:151)
	at com.intellij.rt.testng.IDEARemoteTestNG.run(IDEARemoteTestNG.java:66)
	at com.intellij.rt.testng.RemoteTestNGStarter.main(RemoteTestNGStarter.java:110)
... Removed 24 stack frames]]>
    </failure>
  </testcase> <!-- @BeforeMethod setUp -->
  <testcase classname="base.BaseX2" name="@BeforeMethod startExtent" time="0.0">
    <skipped/>
  </testcase> <!-- @BeforeMethod startExtent -->
  <testcase classname="cannabistest.OCSAgeVerifyTest" name="@BeforeMethod setUp" time="0.0">
    <skipped/>
  </testcase> <!-- @BeforeMethod setUp -->
  <testcase classname="base.BaseX2" name="@BeforeMethod setUp" time="0.0">
    <skipped/>
  </testcase> <!-- @BeforeMethod setUp -->
  <testcase classname="base.BaseX2" name="@BeforeMethod startExtent" time="0.0">
    <skipped/>
  </testcase> <!-- @BeforeMethod startExtent -->
  <testcase classname="cannabistest.OCSVerifyCart" name="@BeforeMethod setUp" time="0.0">
    <skipped/>
  </testcase> <!-- @BeforeMethod setUp -->
  <testcase classname="base.BaseX2" name="@BeforeMethod setUp" time="0.0">
    <skipped/>
  </testcase> <!-- @BeforeMethod setUp -->
  <testcase classname="base.BaseX2" name="@BeforeMethod startExtent" time="0.0">
    <skipped/>
  </testcase> <!-- @BeforeMethod startExtent -->
  <testcase classname="cannabistest.OCSAgeVerifyTest" name="@BeforeMethod setUp" time="0.0">
    <skipped/>
  </testcase> <!-- @BeforeMethod setUp -->
  <testcase classname="base.BaseX2" name="@BeforeMethod setUp" time="0.0">
    <skipped/>
  </testcase> <!-- @BeforeMethod setUp -->
  <testcase classname="base.BaseX2" name="@BeforeMethod startExtent" time="0.0">
    <skipped/>
  </testcase> <!-- @BeforeMethod startExtent -->
  <testcase classname="cannabistest.OCSVerifyCart" name="@BeforeMethod setUp" time="0.0">
    <skipped/>
  </testcase> <!-- @BeforeMethod setUp -->
  <testcase classname="cannabistest.OCSAgeVerifyTest" name="valid_Legal_Age_Credentials" time="0.0">
    <skipped/>
  </testcase> <!-- valid_Legal_Age_Credentials -->
  <testcase classname="cannabistest.OCSVerifyCart" name="verifying_With_Legal_Amount_Of_Product_To_Cart" time="0.0">
    <skipped/>
  </testcase> <!-- verifying_With_Legal_Amount_Of_Product_To_Cart -->
  <testcase classname="cannabistest.OCSAgeVerifyTest" name="invalid_Legal_Age_Credentials" time="0.0">
    <skipped/>
  </testcase> <!-- invalid_Legal_Age_Credentials -->
  <testcase classname="cannabistest.OCSVerifyCart" name="verifying_With_Illegal_Amount_Of_Product_To_Cart" time="0.0">
    <skipped/>
  </testcase> <!-- verifying_With_Illegal_Amount_Of_Product_To_Cart -->
  <testcase classname="base.BaseX2" name="@AfterSuite generateReport" time="0.0">
    <ignored/>
  </testcase> <!-- @AfterSuite generateReport -->
  <testcase classname="base.BaseX2" name="@AfterSuite generateReport" time="0.0">
    <ignored/>
  </testcase> <!-- @AfterSuite generateReport -->
  <testcase classname="base.BaseX2" name="@BeforeSuite extentSetup" time="0.0">
    <ignored/>
  </testcase> <!-- @BeforeSuite extentSetup -->
  <testcase classname="base.BaseX2" name="@BeforeSuite extentSetup" time="0.0">
    <ignored/>
  </testcase> <!-- @BeforeSuite extentSetup -->
</testsuite> <!-- OntarioCannabisStore -->
